<?xml version="1.0" encoding="UTF-8"?>
<coverage generated="1591188955701" clover="3.2.0">
  <project timestamp="1591188955701" name="All files">
    <metrics statements="48" coveredstatements="48" conditionals="30" coveredconditionals="30" methods="17" coveredmethods="17" elements="95" coveredelements="95" complexity="0" loc="48" ncloc="48" packages="1" files="5" classes="5"/>
    <file name="convert.ts" path="/home/maxwellium/code/max/objectid-uint8array/src/convert.ts">
      <metrics statements="24" coveredstatements="24" conditionals="14" coveredconditionals="14" methods="11" coveredmethods="11"/>
      <line num="1" count="4" type="stmt"/>
      <line num="4" count="48" type="stmt"/>
      <line num="6" count="4" type="stmt"/>
      <line num="7" count="36" type="stmt"/>
      <line num="11" count="4" type="stmt"/>
      <line num="13" count="7" type="cond" truecount="2" falsecount="0"/>
      <line num="14" count="1" type="stmt"/>
      <line num="17" count="6" type="cond" truecount="2" falsecount="0"/>
      <line num="18" count="3" type="stmt"/>
      <line num="21" count="3" type="cond" truecount="2" falsecount="0"/>
      <line num="22" count="2" type="stmt"/>
      <line num="25" count="1" type="stmt"/>
      <line num="29" count="4" type="stmt"/>
      <line num="31" count="2" type="cond" truecount="4" falsecount="0"/>
      <line num="32" count="1" type="stmt"/>
      <line num="35" count="1" type="stmt"/>
      <line num="39" count="4" type="stmt"/>
      <line num="41" count="2" type="cond" truecount="4" falsecount="0"/>
      <line num="42" count="1" type="stmt"/>
      <line num="45" count="1" type="stmt"/>
      <line num="49" count="4" type="stmt"/>
      <line num="50" count="24" type="stmt"/>
      <line num="55" count="4" type="stmt"/>
      <line num="56" count="12" type="stmt"/>
    </file>
    <file name="create.ts" path="/home/maxwellium/code/max/objectid-uint8array/src/create.ts">
      <metrics statements="5" coveredstatements="5" conditionals="2" coveredconditionals="2" methods="2" coveredmethods="2"/>
      <line num="1" count="4" type="stmt"/>
      <line num="3" count="4" type="stmt"/>
      <line num="6" count="4" type="stmt"/>
      <line num="9" count="4" type="stmt"/>
      <line num="14" count="2" type="stmt"/>
    </file>
    <file name="index.ts" path="/home/maxwellium/code/max/objectid-uint8array/src/index.ts">
      <metrics statements="4" coveredstatements="4" conditionals="0" coveredconditionals="0" methods="0" coveredmethods="0"/>
      <line num="1" count="4" type="stmt"/>
      <line num="2" count="4" type="stmt"/>
      <line num="3" count="4" type="stmt"/>
      <line num="4" count="4" type="stmt"/>
    </file>
    <file name="time.ts" path="/home/maxwellium/code/max/objectid-uint8array/src/time.ts">
      <metrics statements="3" coveredstatements="3" conditionals="0" coveredconditionals="0" methods="2" coveredmethods="2"/>
      <line num="2" count="4" type="stmt"/>
      <line num="4" count="4" type="stmt"/>
      <line num="8" count="1" type="stmt"/>
    </file>
    <file name="utils.ts" path="/home/maxwellium/code/max/objectid-uint8array/src/utils.ts">
      <metrics statements="12" coveredstatements="12" conditionals="14" coveredconditionals="14" methods="2" coveredmethods="2"/>
      <line num="1" count="4" type="stmt"/>
      <line num="4" count="4" type="stmt"/>
      <line num="7" count="4" type="stmt"/>
      <line num="8" count="4" type="cond" truecount="6" falsecount="0"/>
      <line num="13" count="4" type="stmt"/>
      <line num="15" count="6" type="cond" truecount="2" falsecount="0"/>
      <line num="16" count="2" type="stmt"/>
      <line num="19" count="6" type="cond" truecount="2" falsecount="0"/>
      <line num="20" count="3" type="stmt"/>
      <line num="23" count="6" type="cond" truecount="4" falsecount="0"/>
      <line num="24" count="5" type="stmt"/>
      <line num="27" count="1" type="stmt"/>
    </file>
  </project>
</coverage>
