{"/home/maxwellium/code/max/objectid-uint8array/src/convert.ts": {"path":"/home/maxwellium/code/max/objectid-uint8array/src/convert.ts","statementMap":{"0":{"start":{"line":1,"column":0},"end":{"line":1,"column":43}},"1":{"start":{"line":4,"column":23},"end":{"line":4,"column":117}},"2":{"start":{"line":4,"column":43},"end":{"line":4,"column":117}},"3":{"start":{"line":4,"column":100},"end":{"line":4,"column":115}},"4":{"start":{"line":6,"column":26},"end":{"line":7,"column":null}},"5":{"start":{"line":6,"column":46},"end":{"line":7,"column":null}},"6":{"start":{"line":7,"column":61},"end":{"line":7,"column":76}},"7":{"start":{"line":13,"column":2},"end":{"line":15,"column":null}},"8":{"start":{"line":14,"column":4},"end":{"line":14,"column":35}},"9":{"start":{"line":17,"column":2},"end":{"line":19,"column":null}},"10":{"start":{"line":18,"column":4},"end":{"line":18,"column":34}},"11":{"start":{"line":21,"column":2},"end":{"line":23,"column":null}},"12":{"start":{"line":22,"column":4},"end":{"line":22,"column":37}},"13":{"start":{"line":25,"column":2},"end":{"line":25,"column":32}},"14":{"start":{"line":11,"column":0},"end":{"line":11,"column":16}},"15":{"start":{"line":31,"column":2},"end":{"line":33,"column":null}},"16":{"start":{"line":32,"column":4},"end":{"line":32,"column":31}},"17":{"start":{"line":35,"column":2},"end":{"line":35,"column":32}},"18":{"start":{"line":29,"column":0},"end":{"line":29,"column":16}},"19":{"start":{"line":41,"column":2},"end":{"line":43,"column":null}},"20":{"start":{"line":42,"column":4},"end":{"line":42,"column":34}},"21":{"start":{"line":45,"column":2},"end":{"line":45,"column":35}},"22":{"start":{"line":39,"column":0},"end":{"line":39,"column":16}},"23":{"start":{"line":49,"column":13},"end":{"line":52,"column":2}},"24":{"start":{"line":49,"column":47},"end":{"line":51,"column":null}},"25":{"start":{"line":50,"column":12},"end":{"line":50,"column":47}},"26":{"start":{"line":55,"column":13},"end":{"line":58,"column":2}},"27":{"start":{"line":55,"column":50},"end":{"line":57,"column":null}},"28":{"start":{"line":56,"column":12},"end":{"line":56,"column":38}}},"fnMap":{"0":{"name":"(anonymous_0)","decl":{"start":{"line":4,"column":23},"end":{"line":4,"column":24}},"loc":{"start":{"line":4,"column":43},"end":{"line":4,"column":117}}},"1":{"name":"(anonymous_1)","decl":{"start":{"line":4,"column":85},"end":{"line":4,"column":86}},"loc":{"start":{"line":4,"column":100},"end":{"line":4,"column":115}}},"2":{"name":"(anonymous_2)","decl":{"start":{"line":6,"column":26},"end":{"line":6,"column":27}},"loc":{"start":{"line":6,"column":46},"end":{"line":7,"column":null}}},"3":{"name":"(anonymous_3)","decl":{"start":{"line":7,"column":46},"end":{"line":7,"column":47}},"loc":{"start":{"line":7,"column":61},"end":{"line":7,"column":76}}},"4":{"name":"fromString","decl":{"start":{"line":11,"column":16},"end":{"line":11,"column":26}},"loc":{"start":{"line":11,"column":41},"end":{"line":26,"column":1}}},"5":{"name":"fromHexString","decl":{"start":{"line":29,"column":16},"end":{"line":29,"column":29}},"loc":{"start":{"line":29,"column":44},"end":{"line":36,"column":1}}},"6":{"name":"fromBinaryString","decl":{"start":{"line":39,"column":16},"end":{"line":39,"column":32}},"loc":{"start":{"line":39,"column":47},"end":{"line":46,"column":1}}},"7":{"name":"(anonymous_7)","decl":{"start":{"line":49,"column":27},"end":{"line":49,"column":28}},"loc":{"start":{"line":49,"column":47},"end":{"line":51,"column":null}}},"8":{"name":"(anonymous_8)","decl":{"start":{"line":50,"column":2},"end":{"line":50,"column":3}},"loc":{"start":{"line":50,"column":12},"end":{"line":50,"column":47}}},"9":{"name":"(anonymous_9)","decl":{"start":{"line":55,"column":30},"end":{"line":55,"column":31}},"loc":{"start":{"line":55,"column":50},"end":{"line":57,"column":null}}},"10":{"name":"(anonymous_10)","decl":{"start":{"line":56,"column":2},"end":{"line":56,"column":3}},"loc":{"start":{"line":56,"column":12},"end":{"line":56,"column":38}}}},"branchMap":{"0":{"loc":{"start":{"line":13,"column":2},"end":{"line":15,"column":null}},"type":"if","locations":[{"start":{"line":13,"column":2},"end":{"line":15,"column":null}},{"start":{"line":13,"column":2},"end":{"line":15,"column":null}}]},"1":{"loc":{"start":{"line":17,"column":2},"end":{"line":19,"column":null}},"type":"if","locations":[{"start":{"line":17,"column":2},"end":{"line":19,"column":null}},{"start":{"line":17,"column":2},"end":{"line":19,"column":null}}]},"2":{"loc":{"start":{"line":21,"column":2},"end":{"line":23,"column":null}},"type":"if","locations":[{"start":{"line":21,"column":2},"end":{"line":23,"column":null}},{"start":{"line":21,"column":2},"end":{"line":23,"column":null}}]},"3":{"loc":{"start":{"line":31,"column":2},"end":{"line":33,"column":null}},"type":"if","locations":[{"start":{"line":31,"column":2},"end":{"line":33,"column":null}},{"start":{"line":31,"column":2},"end":{"line":33,"column":null}}]},"4":{"loc":{"start":{"line":31,"column":6},"end":{"line":31,"column":32}},"type":"binary-expr","locations":[{"start":{"line":31,"column":6},"end":{"line":31,"column":32}},{"start":{"line":31,"column":36},"end":{"line":31,"column":66}}]},"5":{"loc":{"start":{"line":41,"column":2},"end":{"line":43,"column":null}},"type":"if","locations":[{"start":{"line":41,"column":2},"end":{"line":43,"column":null}},{"start":{"line":41,"column":2},"end":{"line":43,"column":null}}]},"6":{"loc":{"start":{"line":41,"column":6},"end":{"line":41,"column":32}},"type":"binary-expr","locations":[{"start":{"line":41,"column":6},"end":{"line":41,"column":32}},{"start":{"line":41,"column":36},"end":{"line":41,"column":56}}]}},"s":{"0":4,"1":4,"2":4,"3":48,"4":4,"5":3,"6":36,"7":7,"8":1,"9":6,"10":3,"11":3,"12":2,"13":1,"14":4,"15":2,"16":1,"17":1,"18":4,"19":2,"20":1,"21":1,"22":4,"23":4,"24":2,"25":24,"26":4,"27":1,"28":12},"f":{"0":4,"1":48,"2":3,"3":36,"4":7,"5":2,"6":2,"7":2,"8":24,"9":1,"10":12},"b":{"0":[1,6],"1":[3,3],"2":[2,1],"3":[1,1],"4":[2,2],"5":[1,1],"6":[2,2]}}
,"/home/maxwellium/code/max/objectid-uint8array/src/create.ts": {"path":"/home/maxwellium/code/max/objectid-uint8array/src/create.ts","statementMap":{"0":{"start":{"line":1,"column":23},"end":{"line":1,"column":64}},"1":{"start":{"line":3,"column":12},"end":{"line":3,"column":48}},"2":{"start":{"line":6,"column":13},"end":{"line":6,"column":61}},"3":{"start":{"line":6,"column":29},"end":{"line":6,"column":59}},"4":{"start":{"line":9,"column":13},"end":{"line":26,"column":3}},"5":{"start":{"line":14,"column":5},"end":{"line":26,"column":2}}},"fnMap":{"0":{"name":"(anonymous_0)","decl":{"start":{"line":6,"column":22},"end":{"line":6,"column":25}},"loc":{"start":{"line":6,"column":29},"end":{"line":6,"column":59}}},"1":{"name":"(anonymous_1)","decl":{"start":{"line":9,"column":22},"end":{"line":9,"column":null}},"loc":{"start":{"line":14,"column":5},"end":{"line":26,"column":2}}}},"branchMap":{"0":{"loc":{"start":{"line":11,"column":17},"end":{"line":11,"column":46}},"type":"default-arg","locations":[{"start":{"line":11,"column":17},"end":{"line":11,"column":46}}]},"1":{"loc":{"start":{"line":13,"column":8},"end":{"line":13,"column":16}},"type":"default-arg","locations":[{"start":{"line":13,"column":8},"end":{"line":13,"column":16}}]}},"s":{"0":4,"1":4,"2":4,"3":2,"4":4,"5":2},"f":{"0":2,"1":2},"b":{"0":[2],"1":[2]}}
,"/home/maxwellium/code/max/objectid-uint8array/src/index.ts": {"path":"/home/maxwellium/code/max/objectid-uint8array/src/index.ts","statementMap":{"0":{"start":{"line":1,"column":0},"end":{"line":1,"column":25}},"1":{"start":{"line":2,"column":0},"end":{"line":2,"column":26}},"2":{"start":{"line":3,"column":0},"end":{"line":3,"column":23}},"3":{"start":{"line":4,"column":0},"end":{"line":4,"column":24}}},"fnMap":{},"branchMap":{},"s":{"0":4,"1":4,"2":4,"3":4},"f":{},"b":{}}
,"/home/maxwellium/code/max/objectid-uint8array/src/time.ts": {"path":"/home/maxwellium/code/max/objectid-uint8array/src/time.ts","statementMap":{"0":{"start":{"line":2,"column":13},"end":{"line":2,"column":104}},"1":{"start":{"line":2,"column":43},"end":{"line":2,"column":103}},"2":{"start":{"line":4,"column":13},"end":{"line":13,"column":3}},"3":{"start":{"line":8,"column":5},"end":{"line":13,"column":2}}},"fnMap":{"0":{"name":"(anonymous_0)","decl":{"start":{"line":2,"column":23},"end":{"line":2,"column":24}},"loc":{"start":{"line":2,"column":43},"end":{"line":2,"column":103}}},"1":{"name":"(anonymous_1)","decl":{"start":{"line":4,"column":23},"end":{"line":4,"column":null}},"loc":{"start":{"line":8,"column":5},"end":{"line":13,"column":2}}}},"branchMap":{},"s":{"0":4,"1":1,"2":4,"3":1},"f":{"0":1,"1":1},"b":{}}
,"/home/maxwellium/code/max/objectid-uint8array/src/utils.ts": {"path":"/home/maxwellium/code/max/objectid-uint8array/src/utils.ts","statementMap":{"0":{"start":{"line":1,"column":0},"end":{"line":1,"column":52}},"1":{"start":{"line":4,"column":13},"end":{"line":4,"column":50}},"2":{"start":{"line":7,"column":13},"end":{"line":10,"column":56}},"3":{"start":{"line":8,"column":2},"end":{"line":10,"column":55}},"4":{"start":{"line":15,"column":2},"end":{"line":17,"column":null}},"5":{"start":{"line":16,"column":4},"end":{"line":16,"column":22}},"6":{"start":{"line":19,"column":2},"end":{"line":21,"column":null}},"7":{"start":{"line":20,"column":4},"end":{"line":20,"column":22}},"8":{"start":{"line":23,"column":2},"end":{"line":25,"column":null}},"9":{"start":{"line":24,"column":4},"end":{"line":24,"column":41}},"10":{"start":{"line":27,"column":2},"end":{"line":27,"column":33}},"11":{"start":{"line":13,"column":0},"end":{"line":13,"column":16}}},"fnMap":{"0":{"name":"(anonymous_0)","decl":{"start":{"line":7,"column":23},"end":{"line":7,"column":24}},"loc":{"start":{"line":8,"column":2},"end":{"line":10,"column":55}}},"1":{"name":"equals","decl":{"start":{"line":13,"column":16},"end":{"line":13,"column":22}},"loc":{"start":{"line":13,"column":69},"end":{"line":28,"column":1}}}},"branchMap":{"0":{"loc":{"start":{"line":8,"column":3},"end":{"line":8,"column":27}},"type":"binary-expr","locations":[{"start":{"line":8,"column":3},"end":{"line":8,"column":27}},{"start":{"line":8,"column":31},"end":{"line":8,"column":47}},{"start":{"line":9,"column":3},"end":{"line":9,"column":25}},{"start":{"line":9,"column":29},"end":{"line":9,"column":45}},{"start":{"line":10,"column":3},"end":{"line":10,"column":25}},{"start":{"line":10,"column":29},"end":{"line":10,"column":54}}]},"1":{"loc":{"start":{"line":15,"column":2},"end":{"line":17,"column":null}},"type":"if","locations":[{"start":{"line":15,"column":2},"end":{"line":17,"column":null}},{"start":{"line":15,"column":2},"end":{"line":17,"column":null}}]},"2":{"loc":{"start":{"line":19,"column":2},"end":{"line":21,"column":null}},"type":"if","locations":[{"start":{"line":19,"column":2},"end":{"line":21,"column":null}},{"start":{"line":19,"column":2},"end":{"line":21,"column":null}}]},"3":{"loc":{"start":{"line":23,"column":2},"end":{"line":25,"column":null}},"type":"if","locations":[{"start":{"line":23,"column":2},"end":{"line":25,"column":null}},{"start":{"line":23,"column":2},"end":{"line":25,"column":null}}]},"4":{"loc":{"start":{"line":23,"column":6},"end":{"line":23,"column":29}},"type":"binary-expr","locations":[{"start":{"line":23,"column":6},"end":{"line":23,"column":29}},{"start":{"line":23,"column":33},"end":{"line":23,"column":56}}]}},"s":{"0":4,"1":4,"2":4,"3":4,"4":6,"5":2,"6":6,"7":3,"8":6,"9":5,"10":1,"11":4},"f":{"0":4,"1":6},"b":{"0":[4,2,3,2,2,1],"1":[2,4],"2":[3,3],"3":[5,1],"4":[6,6]}}
}
