TN:
SF:src/convert.ts
FN:4,(anonymous_0)
FN:4,(anonymous_1)
FN:6,(anonymous_2)
FN:7,(anonymous_3)
FN:11,fromString
FN:29,fromHexString
FN:39,fromBinaryString
FN:49,(anonymous_7)
FN:50,(anonymous_8)
FN:55,(anonymous_9)
FN:56,(anonymous_10)
FNF:11
FNH:11
FNDA:4,(anonymous_0)
FNDA:48,(anonymous_1)
FNDA:3,(anonymous_2)
FNDA:36,(anonymous_3)
FNDA:7,fromString
FNDA:2,fromHexString
FNDA:2,fromBinaryString
FNDA:2,(anonymous_7)
FNDA:24,(anonymous_8)
FNDA:1,(anonymous_9)
FNDA:12,(anonymous_10)
DA:1,4
DA:4,48
DA:6,4
DA:7,36
DA:11,4
DA:13,7
DA:14,1
DA:17,6
DA:18,3
DA:21,3
DA:22,2
DA:25,1
DA:29,4
DA:31,2
DA:32,1
DA:35,1
DA:39,4
DA:41,2
DA:42,1
DA:45,1
DA:49,4
DA:50,24
DA:55,4
DA:56,12
LF:24
LH:24
BRDA:13,0,0,1
BRDA:13,0,1,6
BRDA:17,1,0,3
BRDA:17,1,1,3
BRDA:21,2,0,2
BRDA:21,2,1,1
BRDA:31,3,0,1
BRDA:31,3,1,1
BRDA:31,4,0,2
BRDA:31,4,1,2
BRDA:41,5,0,1
BRDA:41,5,1,1
BRDA:41,6,0,2
BRDA:41,6,1,2
BRF:14
BRH:14
end_of_record
TN:
SF:src/create.ts
FN:6,(anonymous_0)
FN:9,(anonymous_1)
FNF:2
FNH:2
FNDA:2,(anonymous_0)
FNDA:2,(anonymous_1)
DA:1,4
DA:3,4
DA:6,4
DA:9,4
DA:14,2
LF:5
LH:5
BRDA:11,0,0,2
BRDA:13,1,0,2
BRF:2
BRH:2
end_of_record
TN:
SF:src/index.ts
FNF:0
FNH:0
DA:1,4
DA:2,4
DA:3,4
DA:4,4
LF:4
LH:4
BRF:0
BRH:0
end_of_record
TN:
SF:src/time.ts
FN:2,(anonymous_0)
FN:4,(anonymous_1)
FNF:2
FNH:2
FNDA:1,(anonymous_0)
FNDA:1,(anonymous_1)
DA:2,4
DA:4,4
DA:8,1
LF:3
LH:3
BRF:0
BRH:0
end_of_record
TN:
SF:src/utils.ts
FN:7,(anonymous_0)
FN:13,equals
FNF:2
FNH:2
FNDA:4,(anonymous_0)
FNDA:6,equals
DA:1,4
DA:4,4
DA:7,4
DA:8,4
DA:13,4
DA:15,6
DA:16,2
DA:19,6
DA:20,3
DA:23,6
DA:24,5
DA:27,1
LF:12
LH:12
BRDA:8,0,0,4
BRDA:8,0,1,2
BRDA:8,0,2,3
BRDA:8,0,3,2
BRDA:8,0,4,2
BRDA:8,0,5,1
BRDA:15,1,0,2
BRDA:15,1,1,4
BRDA:19,2,0,3
BRDA:19,2,1,3
BRDA:23,3,0,5
BRDA:23,3,1,1
BRDA:23,4,0,6
BRDA:23,4,1,6
BRF:14
BRH:14
end_of_record
